This is pdfTeX, Version 3.14159265-2.6-1.40.20 (TeX Live 2019/Arch Linux) (preloaded format=pdflatex 2019.8.1)  15 AUG 2019 17:40
entering extended mode
 restricted \write18 enabled.
 %&-line parsing enabled.
**ipCatalog.tex
(./ipCatalog.tex
LaTeX2e <2018-12-01>
(/usr/share/texmf-dist/tex/latex/base/article.cls
Document Class: article 2018/09/03 v1.4i Standard LaTeX document class
(/usr/share/texmf-dist/tex/latex/base/size11.clo
File: size11.clo 2018/09/03 v1.4i Standard LaTeX file (size option)
)
\c@part=\count80
\c@section=\count81
\c@subsection=\count82
\c@subsubsection=\count83
\c@paragraph=\count84
\c@subparagraph=\count85
\c@figure=\count86
\c@table=\count87
\abovecaptionskip=\skip41
\belowcaptionskip=\skip42
\bibindent=\dimen102
)
(/usr/share/texmf-dist/tex/latex/amsmath/amsmath.sty
Package: amsmath 2018/12/01 v2.17b AMS math features
\@mathmargin=\skip43

For additional information on amsmath, use the `?' option.
(/usr/share/texmf-dist/tex/latex/amsmath/amstext.sty
Package: amstext 2000/06/29 v2.01 AMS text

(/usr/share/texmf-dist/tex/latex/amsmath/amsgen.sty
File: amsgen.sty 1999/11/30 v2.0 generic functions
\@emptytoks=\toks14
\ex@=\dimen103
))
(/usr/share/texmf-dist/tex/latex/amsmath/amsbsy.sty
Package: amsbsy 1999/11/29 v1.2d Bold Symbols
\pmbraise@=\dimen104
)
(/usr/share/texmf-dist/tex/latex/amsmath/amsopn.sty
Package: amsopn 2016/03/08 v2.02 operator names
)
\inf@bad=\count88
LaTeX Info: Redefining \frac on input line 223.
\uproot@=\count89
\leftroot@=\count90
LaTeX Info: Redefining \overline on input line 385.
\classnum@=\count91
\DOTSCASE@=\count92
LaTeX Info: Redefining \ldots on input line 482.
LaTeX Info: Redefining \dots on input line 485.
LaTeX Info: Redefining \cdots on input line 606.
\Mathstrutbox@=\box27
\strutbox@=\box28
\big@size=\dimen105
LaTeX Font Info:    Redeclaring font encoding OML on input line 729.
LaTeX Font Info:    Redeclaring font encoding OMS on input line 730.
\macc@depth=\count93
\c@MaxMatrixCols=\count94
\dotsspace@=\muskip10
\c@parentequation=\count95
\dspbrk@lvl=\count96
\tag@help=\toks15
\row@=\count97
\column@=\count98
\maxfields@=\count99
\andhelp@=\toks16
\eqnshift@=\dimen106
\alignsep@=\dimen107
\tagshift@=\dimen108
\tagwidth@=\dimen109
\totwidth@=\dimen110
\lineht@=\dimen111
\@envbody=\toks17
\multlinegap=\skip44
\multlinetaggap=\skip45
\mathdisplay@stack=\toks18
LaTeX Info: Redefining \[ on input line 2844.
LaTeX Info: Redefining \] on input line 2845.
)
(/usr/share/texmf-dist/tex/latex/graphics/graphicx.sty
Package: graphicx 2017/06/01 v1.1a Enhanced LaTeX Graphics (DPC,SPQR)

(/usr/share/texmf-dist/tex/latex/graphics/keyval.sty
Package: keyval 2014/10/28 v1.15 key=value parser (DPC)
\KV@toks@=\toks19
)
(/usr/share/texmf-dist/tex/latex/graphics/graphics.sty
Package: graphics 2017/06/25 v1.2c Standard LaTeX Graphics (DPC,SPQR)

(/usr/share/texmf-dist/tex/latex/graphics/trig.sty
Package: trig 2016/01/03 v1.10 sin cos tan (DPC)
)
(/usr/share/texmf-dist/tex/latex/graphics-cfg/graphics.cfg
File: graphics.cfg 2016/06/04 v1.11 sample graphics configuration
)
Package graphics Info: Driver file: pdftex.def on input line 99.

(/usr/share/texmf-dist/tex/latex/graphics-def/pdftex.def
File: pdftex.def 2018/01/08 v1.0l Graphics/color driver for pdftex
))
\Gin@req@height=\dimen112
\Gin@req@width=\dimen113
)
(/usr/share/texmf-dist/tex/latex/caption/subcaption.sty
Package: subcaption 2018/05/01 v1.1-162 Sub-captions (AR)

(/usr/share/texmf-dist/tex/latex/caption/caption.sty
Package: caption 2018/10/06 v3.3-154 Customizing captions (AR)

(/usr/share/texmf-dist/tex/latex/caption/caption3.sty
Package: caption3 2018/09/12 v1.8c caption3 kernel (AR)
Package caption3 Info: TeX engine: e-TeX on input line 64.
\captionmargin=\dimen114
\captionmargin@=\dimen115
\captionwidth=\dimen116
\caption@tempdima=\dimen117
\caption@indent=\dimen118
\caption@parindent=\dimen119
\caption@hangindent=\dimen120
)
\c@caption@flags=\count100
\c@ContinuedFloat=\count101
)
\c@subfigure=\count102
\c@subtable=\count103
)
(/usr/share/texmf-dist/tex/latex/booktabs/booktabs.sty
Package: booktabs 2016/04/27 v1.618033 publication quality tables
\heavyrulewidth=\dimen121
\lightrulewidth=\dimen122
\cmidrulewidth=\dimen123
\belowrulesep=\dimen124
\belowbottomsep=\dimen125
\aboverulesep=\dimen126
\abovetopsep=\dimen127
\cmidrulesep=\dimen128
\cmidrulekern=\dimen129
\defaultaddspace=\dimen130
\@cmidla=\count104
\@cmidlb=\count105
\@aboverulesep=\dimen131
\@belowrulesep=\dimen132
\@thisruleclass=\count106
\@lastruleclass=\count107
\@thisrulewidth=\dimen133
)
(/usr/share/texmf-dist/tex/latex/multirow/multirow.sty
Package: multirow 2019/01/01 v2.4 Span multiple rows of a table
\multirow@colwidth=\skip46
\multirow@cntb=\count108
\multirow@dima=\skip47
\bigstrutjot=\dimen134
)
(/usr/share/texmf-dist/tex/latex/float/float.sty
Package: float 2001/11/08 v1.3d Float enhancements (AL)
\c@float@type=\count109
\float@exts=\toks20
\float@box=\box29
\@float@everytoks=\toks21
\@floatcapt=\box30
) (./ipCatalog.aux)
\openout1 = `ipCatalog.aux'.

LaTeX Font Info:    Checking defaults for OML/cmm/m/it on input line 16.
LaTeX Font Info:    ... okay on input line 16.
LaTeX Font Info:    Checking defaults for T1/cmr/m/n on input line 16.
LaTeX Font Info:    ... okay on input line 16.
LaTeX Font Info:    Checking defaults for OT1/cmr/m/n on input line 16.
LaTeX Font Info:    ... okay on input line 16.
LaTeX Font Info:    Checking defaults for OMS/cmsy/m/n on input line 16.
LaTeX Font Info:    ... okay on input line 16.
LaTeX Font Info:    Checking defaults for OMX/cmex/m/n on input line 16.
LaTeX Font Info:    ... okay on input line 16.
LaTeX Font Info:    Checking defaults for U/cmr/m/n on input line 16.
LaTeX Font Info:    ... okay on input line 16.

(/usr/share/texmf-dist/tex/context/base/mkii/supp-pdf.mkii
[Loading MPS to PDF converter (version 2006.09.02).]
\scratchcounter=\count110
\scratchdimen=\dimen135
\scratchbox=\box31
\nofMPsegments=\count111
\nofMParguments=\count112
\everyMPshowfont=\toks22
\MPscratchCnt=\count113
\MPscratchDim=\dimen136
\MPnumerator=\count114
\makeMPintoPDFobject=\count115
\everyMPtoPDFconversion=\toks23
) (/usr/share/texmf-dist/tex/latex/oberdiek/epstopdf-base.sty
Package: epstopdf-base 2016/05/15 v2.6 Base part for package epstopdf

(/usr/share/texmf-dist/tex/generic/oberdiek/infwarerr.sty
Package: infwarerr 2016/05/16 v1.4 Providing info/warning/error messages (HO)
)
(/usr/share/texmf-dist/tex/latex/oberdiek/grfext.sty
Package: grfext 2016/05/16 v1.2 Manage graphics extensions (HO)

(/usr/share/texmf-dist/tex/generic/oberdiek/kvdefinekeys.sty
Package: kvdefinekeys 2016/05/16 v1.4 Define keys (HO)

(/usr/share/texmf-dist/tex/generic/oberdiek/ltxcmds.sty
Package: ltxcmds 2016/05/16 v1.23 LaTeX kernel commands for general use (HO)
)))
(/usr/share/texmf-dist/tex/latex/oberdiek/kvoptions.sty
Package: kvoptions 2016/05/16 v3.12 Key value format for package options (HO)

(/usr/share/texmf-dist/tex/generic/oberdiek/kvsetkeys.sty
Package: kvsetkeys 2016/05/16 v1.17 Key value parser (HO)

(/usr/share/texmf-dist/tex/generic/oberdiek/etexcmds.sty
Package: etexcmds 2016/05/16 v1.6 Avoid name clashes with e-TeX commands (HO)

(/usr/share/texmf-dist/tex/generic/oberdiek/ifluatex.sty
Package: ifluatex 2016/05/16 v1.4 Provides the ifluatex switch (HO)
Package ifluatex Info: LuaTeX not detected.
))))
(/usr/share/texmf-dist/tex/generic/oberdiek/pdftexcmds.sty
Package: pdftexcmds 2018/09/10 v0.29 Utility functions of pdfTeX for LuaTeX (HO
)

(/usr/share/texmf-dist/tex/generic/oberdiek/ifpdf.sty
Package: ifpdf 2018/09/07 v3.3 Provides the ifpdf switch
)
Package pdftexcmds Info: LuaTeX not detected.
Package pdftexcmds Info: \pdf@primitive is available.
Package pdftexcmds Info: \pdf@ifprimitive is available.
Package pdftexcmds Info: \pdfdraftmode found.
)
Package epstopdf-base Info: Redefining graphics rule for `.eps' on input line 4
38.
Package grfext Info: Graphics extension search list:
(grfext)             [.pdf,.png,.jpg,.mps,.jpeg,.jbig2,.jb2,.PDF,.PNG,.JPG,.JPE
G,.JBIG2,.JB2,.eps]
(grfext)             \AppendGraphicsExtensions on input line 456.

(/usr/share/texmf-dist/tex/latex/latexconfig/epstopdf-sys.cfg
File: epstopdf-sys.cfg 2010/07/13 v1.3 Configuration of (r)epstopdf for TeX Liv
e
))
Package caption Info: Begin \AtBeginDocument code.
Package caption Info: float package is loaded.
Package caption Info: End \AtBeginDocument code.
 [1

{/var/lib/texmf/fonts/map/pdftex/updmap/pdftex.map}] (./ipCatalog.toc [1] [2])
\tf@toc=\write3
\openout3 = `ipCatalog.toc'.


(./ipCatalog.lot)
\tf@lot=\write4
\openout4 = `ipCatalog.lot'.

 [3]
<images/inputSignalDiagram.jpg, id=21, 784.9325pt x 323.2075pt>
File: images/inputSignalDiagram.jpg Graphic file (type jpg)
<use images/inputSignalDiagram.jpg>
Package pdftex.def Info: images/inputSignalDiagram.jpg  used on input line 45.
(pdftex.def)             Requested size: 288.0011pt x 118.58868pt.
<images/outputSignalDiagram.jpg, id=22, 784.9325pt x 262.9825pt>
File: images/outputSignalDiagram.jpg Graphic file (type jpg)
<use images/outputSignalDiagram.jpg>
Package pdftex.def Info: images/outputSignalDiagram.jpg  used on input line 54.

(pdftex.def)             Requested size: 288.0011pt x 96.49141pt.
 [4 <./images/inputSignalDiagram.jpg> <./images/outputSignalDiagram.jpg>]
<images/powerMeter.png, id=26, 451.6875pt x 261.97874pt>
File: images/powerMeter.png Graphic file (type png)
<use images/powerMeter.png>
Package pdftex.def Info: images/powerMeter.png  used on input line 68.
(pdftex.def)             Requested size: 216.0022pt x 125.28465pt.
 [5 <./images/powerMeter.png>]
Overfull \hbox (3.15244pt too wide) in paragraph at lines 92--92
[]\OT1/cmr/bx/n/10.95 Register
 []


Overfull \hbox (1.72438pt too wide) in paragraph at lines 92--92
[]\OT1/cmr/bx/n/10.95 Address
 []

[6]
<images/IDELAYBUFDS.png, id=37, 376.40625pt x 117.43875pt>
File: images/IDELAYBUFDS.png Graphic file (type png)
<use images/IDELAYBUFDS.png>
Package pdftex.def Info: images/IDELAYBUFDS.png  used on input line 143.
(pdftex.def)             Requested size: 216.0022pt x 67.39413pt.
 [7 <./images/IDELAYBUFDS.png>] [8]
<images/custom_IBUFDS.png, id=47, 461.47406pt x 164.11313pt>
File: images/custom_IBUFDS.png Graphic file (type png)
<use images/custom_IBUFDS.png>
Package pdftex.def Info: images/custom_IBUFDS.png  used on input line 186.
(pdftex.def)             Requested size: 216.0022pt x 76.81514pt.
 [9 <./images/custom_IBUFDS.png>]
<images/delay_FIFO.png, id=52, 291.33844pt x 371.88937pt>
File: images/delay_FIFO.png Graphic file (type png)
<use images/delay_FIFO.png>
Package pdftex.def Info: images/delay_FIFO.png  used on input line 224.
(pdftex.def)             Requested size: 143.9978pt x 183.81625pt.
<images/delay_FIFO_default.png, id=53, 357.58594pt x 275.52937pt>
File: images/delay_FIFO_default.png Graphic file (type png)
<use images/delay_FIFO_default.png>
Package pdftex.def Info: images/delay_FIFO_default.png  used on input line 228.

(pdftex.def)             Requested size: 143.9978pt x 110.95393pt.

[10] [11 <./images/delay_FIFO.png> <./images/delay_FIFO_default.png>]
LaTeX Font Info:    Try loading font information for OMS+cmr on input line 250.


(/usr/share/texmf-dist/tex/latex/base/omscmr.fd
File: omscmr.fd 2014/09/29 v2.5h Standard LaTeX font definitions
)
LaTeX Font Info:    Font shape `OMS/cmr/m/n' in size <10.95> not available
(Font)              Font shape `OMS/cmsy/m/n' tried instead on input line 250.

Overfull \hbox (8.06023pt too wide) in paragraph at lines 262--263
[]\OT1/cmr/m/n/10.95 Single bit en-abling or dis-abling the ex-ter-nal pro-gEmp
ty
 []

[12]
Overfull \hbox (10.37814pt too wide) in paragraph at lines 291--293
\OT1/cmr/m/n/10.95 This pin can be re-moved from the pack-age us-ing the al-mos
t[]full[]empty[]en
 []

[13]
Overfull \hbox (6.96075pt too wide) in paragraph at lines 307--309
[]\OT1/cmr/m/n/10.95 Programmable full: flag set high when FIFO reaches pro-gra
mmable
 []


Overfull \hbox (3.15244pt too wide) in paragraph at lines 318--318
[]\OT1/cmr/bx/n/10.95 Register
 []


Overfull \hbox (1.72438pt too wide) in paragraph at lines 318--318
[]\OT1/cmr/bx/n/10.95 Address
 []


Overfull \hbox (81.33693pt too wide) in paragraph at lines 316--342
 [][] 
 []


Overfull \hbox (84.9319pt too wide) in paragraph at lines 345--370
 [] 
 []

[14] [15] [16] [17]
Overfull \hbox (5.43304pt too wide) in paragraph at lines 441--459
 [][] 
 []

[18]
<images/adc_IF_core_internal.png, id=85, 1019.30812pt x 491.58656pt>
File: images/adc_IF_core_internal.png Graphic file (type png)
<use images/adc_IF_core_internal.png>
Package pdftex.def Info: images/adc_IF_core_internal.png  used on input line 46
5.
(pdftex.def)             Requested size: 360.0pt x 173.61807pt.
<images/adc_IF_core.png, id=86, 385.44pt x 388.45125pt>
File: images/adc_IF_core.png Graphic file (type png)
<use images/adc_IF_core.png>
Package pdftex.def Info: images/adc_IF_core.png  used on input line 469.
(pdftex.def)             Requested size: 143.9978pt x 145.11761pt.
 [19] [20 <./images/adc_IF_core_internal.png> <./images/adc_IF_core.png>]
<images/default_param_delay_FIFO.png, id=95, 236.38312pt x 368.87813pt>
File: images/default_param_delay_FIFO.png Graphic file (type png)
<use images/default_param_delay_FIFO.png>
Package pdftex.def Info: images/default_param_delay_FIFO.png  used on input lin
e 485.
(pdftex.def)             Requested size: 143.9978pt x 224.717pt.
<images/default_param_IDELAYBUFDS.png, id=96, 215.30438pt x 157.33781pt>
File: images/default_param_IDELAYBUFDS.png Graphic file (type png)
<use images/default_param_IDELAYBUFDS.png>
Package pdftex.def Info: images/default_param_IDELAYBUFDS.png  used on input li
ne 489.
(pdftex.def)             Requested size: 143.9978pt x 105.23091pt.
<images/default_param_channel_IBUFDS.png, id=97, 158.84344pt x 88.07906pt>
File: images/default_param_channel_IBUFDS.png Graphic file (type png)
<use images/default_param_channel_IBUFDS.png>
Package pdftex.def Info: images/default_param_channel_IBUFDS.png  used on input
 line 493.
(pdftex.def)             Requested size: 143.9978pt x 79.85368pt.
<images/default_param_power_meter.png, id=98, 303.38344pt x 67.75313pt>
File: images/default_param_power_meter.png Graphic file (type png)
<use images/default_param_power_meter.png>
Package pdftex.def Info: images/default_param_power_meter.png  used on input li
ne 497.
(pdftex.def)             Requested size: 143.9978pt x 32.15825pt.

[21 <./images/default_param_delay_FIFO.png> <./images/default_param_IDELAYBUFDS
.png> <./images/default_param_channel_IBUFDS.png> <./images/default_param_power
_meter.png>] [22]
Overfull \hbox (41.86661pt too wide) in paragraph at lines 547--558
 [][] 
 []


Overfull \hbox (23.30888pt too wide) in paragraph at lines 567--573
 [][] 
 []

[23] [24]
<images/AXI_ADC_ctrl.png, id=116, 402.00188pt x 231.86626pt>
File: images/AXI_ADC_ctrl.png Graphic file (type png)
<use images/AXI_ADC_ctrl.png>
Package pdftex.def Info: images/AXI_ADC_ctrl.png  used on input line 597.
(pdftex.def)             Requested size: 143.9978pt x 83.05429pt.
<images/AXI_ADC_ctrl_extended.png, id=117, 368.87813pt x 381.67593pt>
File: images/AXI_ADC_ctrl_extended.png Graphic file (type png)
<use images/AXI_ADC_ctrl_extended.png>
Package pdftex.def Info: images/AXI_ADC_ctrl_extended.png  used on input line 6
01.
(pdftex.def)             Requested size: 143.9978pt x 148.99278pt.
 [25 <./images/AXI_ADC_ctrl.png> <./images/AXI_ADC_ctrl_extended.png>]
Overfull \hbox (30.06729pt too wide) in paragraph at lines 627--646
 [][] 
 []

[26]
<images/AXI_DAC_CTRL.png, id=127, 419.31656pt x 238.64156pt>
File: images/AXI_DAC_CTRL.png Graphic file (type png)
<use images/AXI_DAC_CTRL.png>
Package pdftex.def Info: images/AXI_DAC_CTRL.png  used on input line 677.
(pdftex.def)             Requested size: 151.19934pt x 86.04926pt.
 [27 <./images/AXI_DAC_CTRL.png>]
Overfull \hbox (3.15244pt too wide) in paragraph at lines 713--713
[]\OT1/cmr/bx/n/10.95 Register
 []


Overfull \hbox (1.72438pt too wide) in paragraph at lines 713--713
[]\OT1/cmr/bx/n/10.95 Address
 []


Overfull \hbox (45.09631pt too wide) in paragraph at lines 711--736
 [][] 
 []

[28]
Overfull \hbox (2.71342pt too wide) in paragraph at lines 743--744
[]\OT1/cmr/m/n/10.95 Active high bit en-abling or dis-abling the ran-dom bit st
ream
 []

[29]
<images/shift_register.png, id=139, 422.32782pt x 353.06906pt>
File: images/shift_register.png Graphic file (type png)
<use images/shift_register.png>
Package pdftex.def Info: images/shift_register.png  used on input line 771.
(pdftex.def)             Requested size: 143.9978pt x 120.38667pt.
 [30] [31 <./images/shift_register.png>] [32]
<images/PRBS_gen_default.png, id=151, 436.63126pt x 210.03468pt>
File: images/PRBS_gen_default.png Graphic file (type png)
<use images/PRBS_gen_default.png>
Package pdftex.def Info: images/PRBS_gen_default.png  used on input line 824.
(pdftex.def)             Requested size: 161.9989pt x 77.92633pt.
<images/PRBS_gen_dynamic.png, id=152, 499.8675pt x 205.5178pt>
File: images/PRBS_gen_dynamic.png Graphic file (type png)
<use images/PRBS_gen_dynamic.png>
Package pdftex.def Info: images/PRBS_gen_dynamic.png  used on input line 828.
(pdftex.def)             Requested size: 126.0022pt x 51.8058pt.
 [33 <./images/PRBS_gen_default.png> <./images/PRBS_gen_dynamic.png>] [34]
<images/channel_delay.png, id=161, 378.66469pt x 121.20282pt>
File: images/channel_delay.png Graphic file (type png)
<use images/channel_delay.png>
Package pdftex.def Info: images/channel_delay.png  used on input line 871.
(pdftex.def)             Requested size: 216.0022pt x 69.13809pt.
 [35 <./images/channel_delay.png>]
Overfull \hbox (5.43304pt too wide) in paragraph at lines 912--931
 [][] 
 []

[36]
<images/dac_IF_core_internal.png, id=170, 912.40875pt x 504.38437pt>
File: images/dac_IF_core_internal.png Graphic file (type png)
<use images/dac_IF_core_internal.png>
Package pdftex.def Info: images/dac_IF_core_internal.png  used on input line 93
7.
(pdftex.def)             Requested size: 360.0pt x 199.0026pt.
<images/dac_IF_core.png, id=171, 395.97937pt x 278.54062pt>
File: images/dac_IF_core.png Graphic file (type png)
<use images/dac_IF_core.png>
Package pdftex.def Info: images/dac_IF_core.png  used on input line 941.
(pdftex.def)             Requested size: 143.9978pt x 101.29033pt.
 [37]
<images/default_dac_param_delay_FIFO.png, id=175, 236.38312pt x 371.13657pt>
File: images/default_dac_param_delay_FIFO.png Graphic file (type png)
<use images/default_dac_param_delay_FIFO.png>
Package pdftex.def Info: images/default_dac_param_delay_FIFO.png  used on input
 line 957.
(pdftex.def)             Requested size: 143.9978pt x 226.09282pt.
<images/default_dac_param_dac_ctrl.png, id=176, 232.61906pt x 113.67468pt>
File: images/default_dac_param_dac_ctrl.png Graphic file (type png)
<use images/default_dac_param_dac_ctrl.png>
Package pdftex.def Info: images/default_dac_param_dac_ctrl.png  used on input l
ine 961.
(pdftex.def)             Requested size: 143.9978pt x 70.37003pt.
<images/default_dac_param_channel_delay.png, id=177, 179.92218pt x 118.94438pt>

File: images/default_dac_param_channel_delay.png Graphic file (type png)
<use images/default_dac_param_channel_delay.png>
Package pdftex.def Info: images/default_dac_param_channel_delay.png  used on in
put line 965.
(pdftex.def)             Requested size: 143.9978pt x 95.2028pt.
<images/default_dac_param_power_meter.png, id=178, 304.88907pt x 68.50594pt>
File: images/default_dac_param_power_meter.png Graphic file (type png)
<use images/default_dac_param_power_meter.png>
Package pdftex.def Info: images/default_dac_param_power_meter.png  used on inpu
t line 969.
(pdftex.def)             Requested size: 143.9978pt x 32.35564pt.
 [38 <./images/dac_IF_core_internal.png> <./images/dac_IF_core.png>]
[39 <./images/default_dac_param_delay_FIFO.png> <./images/default_dac_param_dac
_ctrl.png> <./images/default_dac_param_channel_delay.png> <./images/default_dac
_param_power_meter.png>] [40]
Overfull \hbox (44.69832pt too wide) in paragraph at lines 1037--1044
 [][] 
 []

[41] [42]
<images/vga_blockDiagram.png, id=202, 168.63pt x 106.89937pt>
File: images/vga_blockDiagram.png Graphic file (type png)
<use images/vga_blockDiagram.png>
Package pdftex.def Info: images/vga_blockDiagram.png  used on input line 1072.
(pdftex.def)             Requested size: 126.0022pt x 79.87744pt.
<images/vga_sw_if.png, id=203, 415.5525pt x 247.67531pt>
File: images/vga_sw_if.png Graphic file (type png)
<use images/vga_sw_if.png>
Package pdftex.def Info: images/vga_sw_if.png  used on input line 1079.
(pdftex.def)             Requested size: 143.9978pt x 85.8222pt.
 [43 <./images/vga_blockDiagram.png> <./images/vga_sw_if.png>]
Overfull \hbox (9.76854pt too wide) in paragraph at lines 1115--1141
 [][] 
 []

[44]
Overfull \hbox (15.07185pt too wide) in paragraph at lines 1147--1149
[]\OT1/cmr/m/n/10.95 Active low re-set bit. A logic zero on this bit or on the 
s00[]axi[]aresetn
 []

[45]
Overfull \hbox (12.45363pt too wide) in paragraph at lines 1158--1160
[]\OT1/cmr/m/n/10.95 Current rel-a-tive dif-fer-ence be-tween agc[]rltv[]change

 []

<images/vga_pulse_timing.png, id=215, 222.07968pt x 53.44969pt>
File: images/vga_pulse_timing.png Graphic file (type png)
<use images/vga_pulse_timing.png>
Package pdftex.def Info: images/vga_pulse_timing.png  used on input line 1181.
(pdftex.def)             Requested size: 143.9978pt x 34.65704pt.
[46] [47 <./images/vga_pulse_timing.png>]
Overfull \hbox (2.01959pt too wide) in paragraph at lines 1193--1195
\OT1/cmr/m/n/10.95 trieved Au-gust 15, 2019, from https://www.analog.com/media/
en/technical-
 []


Overfull \hbox (33.56169pt too wide) in paragraph at lines 1197--1199
\OT1/cmr/m/n/10.95 Au-gust 15, 2019,from https://www.digikey.ca/en/articles/tec
hzone/2018/mar/use-
 []


Overfull \hbox (15.22054pt too wide) in paragraph at lines 1199--1201
\OT1/cmr/m/n/10.95 trieved Au-gust 15, 2019, from https://www.ti.com/lit/ds/sym
link/lmh6517.pdf 
 []


Overfull \hbox (35.36246pt too wide) in paragraph at lines 1201--1203
\OT1/cmr/m/n/10.95 https://www.xilinx.com/support/documentation/sw[]manuals/xil
inx2018[]2/ug953-
 []


Underfull \hbox (badness 10000) in paragraph at lines 1203--1205
\OT1/cmr/m/n/10.95 Switch-ing Char-ac-ter-is-tics. Re-trieved Au-gust 15, 2019,
 from
 []


Underfull \hbox (badness 10000) in paragraph at lines 1203--1205
\OT1/cmr/m/n/10.95 https://www.xilinx.com/support/documentation/data[]sheets/ds
182
 []

[48] (./ipCatalog.aux) ) 
Here is how much of TeX's memory you used:
 3559 strings out of 492623
 55239 string characters out of 6135670
 131524 words of memory out of 5000000
 7400 multiletter control sequences out of 15000+600000
 10722 words of font info for 38 fonts, out of 8000000 for 9000
 1141 hyphenation exceptions out of 8191
 42i,11n,40p,312b,441s stack positions out of 5000i,500n,10000p,200000b,80000s
</usr/share/texmf-dist/fonts/type1/public/amsfonts/cm/c
mbx10.pfb></usr/share/texmf-dist/fonts/type1/public/amsfonts/cm/cmbx12.pfb></us
r/share/texmf-dist/fonts/type1/public/amsfonts/cm/cmbxti10.pfb></usr/share/texm
f-dist/fonts/type1/public/amsfonts/cm/cmmi10.pfb></usr/share/texmf-dist/fonts/t
ype1/public/amsfonts/cm/cmmi8.pfb></usr/share/texmf-dist/fonts/type1/public/ams
fonts/cm/cmr10.pfb></usr/share/texmf-dist/fonts/type1/public/amsfonts/cm/cmr12.
pfb></usr/share/texmf-dist/fonts/type1/public/amsfonts/cm/cmr17.pfb></usr/share
/texmf-dist/fonts/type1/public/amsfonts/cm/cmr8.pfb></usr/share/texmf-dist/font
s/type1/public/amsfonts/cm/cmsy10.pfb></usr/share/texmf-dist/fonts/type1/public
/amsfonts/cm/cmsy8.pfb></usr/share/texmf-dist/fonts/type1/public/amsfonts/cm/cm
ti10.pfb>
Output written on ipCatalog.pdf (49 pages, 552697 bytes).
PDF statistics:
 269 PDF objects out of 1000 (max. 8388607)
 148 compressed objects within 2 object streams
 0 named destinations out of 1000 (max. 500000)
 146 words of extra memory for PDF output out of 10000 (max. 10000000)

